{"/Users/Andrey/Documents/projects/react-typescript-jest/src/index.tsx": {"path":"/Users/Andrey/Documents/projects/react-typescript-jest/src/index.tsx","statementMap":{"0":{"start":{"line":1,"column":0},"end":{"line":1,"column":31}},"1":{"start":{"line":2,"column":0},"end":{"line":2,"column":38}},"2":{"start":{"line":4,"column":0},"end":{"line":4,"column":35}},"3":{"start":{"line":6,"column":0},"end":{"line":6,"column":58}}},"fnMap":{},"branchMap":{},"s":{"0":0,"1":0,"2":0,"3":0},"f":{},"b":{}}
,"/Users/Andrey/Documents/projects/react-typescript-jest/src/rootReducers.ts": {"path":"/Users/Andrey/Documents/projects/react-typescript-jest/src/rootReducers.ts","statementMap":{"0":{"start":{"line":1,"column":0},"end":{"line":1,"column":40}},"1":{"start":{"line":2,"column":0},"end":{"line":2,"column":51}},"2":{"start":{"line":4,"column":0},"end":{"line":4,"column":null}},"3":{"start":{"line":5,"column":2},"end":{"line":5,"column":null}},"4":{"start":{"line":12,"column":20},"end":{"line":14,"column":2}},"5":{"start":{"line":18,"column":0},"end":{"line":18,"column":27}}},"fnMap":{"0":{"name":"(anonymous_0)","decl":{"start":{"line":4,"column":0},"end":{"line":4,"column":12}},"loc":{"start":{"line":4,"column":23},"end":{"line":6,"column":1}}}},"branchMap":{"0":{"loc":{"start":{"line":4,"column":12},"end":{"line":4,"column":23}},"type":"binary-expr","locations":[{"start":{"line":4,"column":12},"end":{"line":4,"column":23}},{"start":{"line":4,"column":12},"end":{"line":4,"column":null}}]}},"s":{"0":0,"1":0,"2":0,"3":0,"4":0,"5":0},"f":{"0":0},"b":{"0":[0,0]}}
,"/Users/Andrey/Documents/projects/react-typescript-jest/src/components/App.tsx": {"path":"/Users/Andrey/Documents/projects/react-typescript-jest/src/components/App.tsx","statementMap":{"0":{"start":{"line":1,"column":0},"end":{"line":1,"column":31}},"1":{"start":{"line":2,"column":0},"end":{"line":2,"column":39}},"2":{"start":{"line":3,"column":0},"end":{"line":3,"column":29}},"3":{"start":{"line":4,"column":0},"end":{"line":4,"column":32}},"4":{"start":{"line":5,"column":0},"end":{"line":5,"column":34}},"5":{"start":{"line":9,"column":22},"end":{"line":19,"column":1}},"6":{"start":{"line":10,"column":2},"end":{"line":18,"column":4}},"7":{"start":{"line":21,"column":0},"end":{"line":21,"column":19}}},"fnMap":{"0":{"name":"(anonymous_0)","decl":{"start":{"line":9,"column":22},"end":{"line":9,"column":25}},"loc":{"start":{"line":9,"column":27},"end":{"line":19,"column":1}}}},"branchMap":{},"s":{"0":0,"1":0,"2":0,"3":0,"4":0,"5":0,"6":0,"7":0},"f":{"0":0},"b":{}}
,"/Users/Andrey/Documents/projects/react-typescript-jest/src/components/CheckBox/index.tsx": {"path":"/Users/Andrey/Documents/projects/react-typescript-jest/src/components/CheckBox/index.tsx","statementMap":{"0":{"start":{"line":1,"column":0},"end":{"line":1,"column":31}},"1":{"start":{"line":9,"column":2},"end":{"line":11,"column":4}},"2":{"start":{"line":13,"column":2},"end":{"line":15,"column":4}},"3":{"start":{"line":14,"column":4},"end":{"line":14,"column":56}},"4":{"start":{"line":18,"column":4},"end":{"line":18,"column":56}},"5":{"start":{"line":19,"column":4},"end":{"line":24,"column":6}},"6":{"start":{"line":28,"column":0},"end":{"line":28,"column":24}}},"fnMap":{"0":{"name":"(anonymous_0)","decl":{"start":{"line":8,"column":0},"end":{"line":8,"column":6}},"loc":{"start":{"line":8,"column":0},"end":{"line":26,"column":1}}},"1":{"name":"(anonymous_1)","decl":{"start":{"line":13,"column":13},"end":{"line":13,"column":16}},"loc":{"start":{"line":13,"column":18},"end":{"line":15,"column":3}}},"2":{"name":"(anonymous_2)","decl":{"start":{"line":17,"column":2},"end":{"line":17,"column":8}},"loc":{"start":{"line":17,"column":8},"end":{"line":25,"column":3}}}},"branchMap":{"0":{"loc":{"start":{"line":22,"column":32},"end":{"line":22,"column":50}},"type":"cond-expr","locations":[{"start":{"line":22,"column":32},"end":{"line":22,"column":50}},{"start":{"line":22,"column":53},"end":{"line":22,"column":72}}]}},"s":{"0":0,"1":0,"2":0,"3":0,"4":0,"5":0,"6":0},"f":{"0":0,"1":0,"2":0},"b":{"0":[0,0]}}
,"/Users/Andrey/Documents/projects/react-typescript-jest/src/components/Counter/action.ts": {"path":"/Users/Andrey/Documents/projects/react-typescript-jest/src/components/Counter/action.ts","statementMap":{"0":{"start":{"line":1,"column":0},"end":{"line":1,"column":66}},"1":{"start":{"line":8,"column":2},"end":{"line":8,"column":33}},"2":{"start":{"line":9,"column":2},"end":{"line":11,"column":4}},"3":{"start":{"line":7,"column":0},"end":{"line":7,"column":24}}},"fnMap":{"0":{"name":"addCount","decl":{"start":{"line":7,"column":24},"end":{"line":7,"column":32}},"loc":{"start":{"line":7,"column":32},"end":{"line":12,"column":1}}}},"branchMap":{},"s":{"0":0,"1":0,"2":0,"3":0},"f":{"0":0},"b":{}}
,"/Users/Andrey/Documents/projects/react-typescript-jest/src/components/Counter/index.tsx": {"path":"/Users/Andrey/Documents/projects/react-typescript-jest/src/components/Counter/index.tsx","statementMap":{"0":{"start":{"line":1,"column":0},"end":{"line":1,"column":31}},"1":{"start":{"line":2,"column":0},"end":{"line":2,"column":55}},"2":{"start":{"line":3,"column":0},"end":{"line":3,"column":52}},"3":{"start":{"line":6,"column":24},"end":{"line":16,"column":1}},"4":{"start":{"line":7,"column":16},"end":{"line":7,"column":69}},"5":{"start":{"line":7,"column":49},"end":{"line":7,"column":68}},"6":{"start":{"line":8,"column":19},"end":{"line":8,"column":32}},"7":{"start":{"line":10,"column":2},"end":{"line":15,"column":4}},"8":{"start":{"line":13,"column":45},"end":{"line":13,"column":65}},"9":{"start":{"line":18,"column":0},"end":{"line":18,"column":21}}},"fnMap":{"0":{"name":"(anonymous_0)","decl":{"start":{"line":6,"column":24},"end":{"line":6,"column":27}},"loc":{"start":{"line":6,"column":29},"end":{"line":16,"column":1}}},"1":{"name":"(anonymous_1)","decl":{"start":{"line":7,"column":28},"end":{"line":7,"column":29}},"loc":{"start":{"line":7,"column":49},"end":{"line":7,"column":68}}},"2":{"name":"(anonymous_2)","decl":{"start":{"line":13,"column":23},"end":{"line":13,"column":42}},"loc":{"start":{"line":13,"column":45},"end":{"line":13,"column":65}}}},"branchMap":{},"s":{"0":0,"1":0,"2":0,"3":0,"4":0,"5":0,"6":0,"7":0,"8":0,"9":0},"f":{"0":0,"1":0,"2":0},"b":{}}
,"/Users/Andrey/Documents/projects/react-typescript-jest/src/components/Counter/reducer.ts": {"path":"/Users/Andrey/Documents/projects/react-typescript-jest/src/components/Counter/reducer.ts","statementMap":{"0":{"start":{"line":1,"column":0},"end":{"line":1,"column":49}},"1":{"start":{"line":8,"column":33},"end":{"line":10,"column":2}},"2":{"start":{"line":12,"column":16},"end":{"line":25,"column":1}},"3":{"start":{"line":13,"column":2},"end":{"line":13,"column":39}},"4":{"start":{"line":14,"column":19},"end":{"line":14,"column":25}},"5":{"start":{"line":16,"column":2},"end":{"line":24,"column":null}},"6":{"start":{"line":18,"column":6},"end":{"line":20,"column":null}},"7":{"start":{"line":23,"column":6},"end":{"line":23,"column":19}},"8":{"start":{"line":27,"column":0},"end":{"line":27,"column":23}}},"fnMap":{"0":{"name":"(anonymous_0)","decl":{"start":{"line":12,"column":16},"end":{"line":12,"column":17}},"loc":{"start":{"line":12,"column":89},"end":{"line":25,"column":1}}}},"branchMap":{"0":{"loc":{"start":{"line":12,"column":37},"end":{"line":12,"column":49}},"type":"default-arg","locations":[{"start":{"line":12,"column":37},"end":{"line":12,"column":49}}]},"1":{"loc":{"start":{"line":17,"column":4},"end":{"line":20,"column":null}},"type":"switch","locations":[{"start":{"line":17,"column":4},"end":{"line":20,"column":null}},{"start":{"line":22,"column":4},"end":{"line":23,"column":19}}]}},"s":{"0":0,"1":0,"2":0,"3":0,"4":0,"5":0,"6":0,"7":0,"8":0},"f":{"0":0},"b":{"0":[0],"1":[0,0]}}
,"/Users/Andrey/Documents/projects/react-typescript-jest/src/redux/index.ts": {"path":"/Users/Andrey/Documents/projects/react-typescript-jest/src/redux/index.ts","statementMap":{"0":{"start":{"line":1,"column":0},"end":{"line":1,"column":53}},"1":{"start":{"line":2,"column":0},"end":{"line":2,"column":42}},"2":{"start":{"line":3,"column":0},"end":{"line":3,"column":43}},"3":{"start":{"line":5,"column":20},"end":{"line":5,"column":22}},"4":{"start":{"line":7,"column":17},"end":{"line":7,"column":66}},"5":{"start":{"line":9,"column":21},"end":{"line":9,"column":23}},"6":{"start":{"line":11,"column":14},"end":{"line":11,"column":62}},"7":{"start":{"line":13,"column":0},"end":{"line":13,"column":21}}},"fnMap":{},"branchMap":{},"s":{"0":0,"1":0,"2":0,"3":0,"4":0,"5":0,"6":0,"7":0},"f":{},"b":{}}
,"/Users/Andrey/Documents/projects/react-typescript-jest/src/redux/utils.ts": {"path":"/Users/Andrey/Documents/projects/react-typescript-jest/src/redux/utils.ts","statementMap":{"0":{"start":{"line":1,"column":0},"end":{"line":1,"column":32}},"1":{"start":{"line":3,"column":13},"end":{"line":7,"column":10}}},"fnMap":{},"branchMap":{"0":{"loc":{"start":{"line":4,"column":3},"end":{"line":4,"column":41}},"type":"binary-expr","locations":[{"start":{"line":4,"column":3},"end":{"line":4,"column":41}},{"start":{"line":5,"column":4},"end":{"line":5,"column":10}},{"start":{"line":6,"column":5},"end":{"line":6,"column":70}},{"start":{"line":7,"column":2},"end":{"line":7,"column":9}}]}},"s":{"0":0,"1":0},"f":{},"b":{"0":[0,0,0,0]}}
}
